2024-03-06 21:59:28.578053 INFO::Writing function arguments to log file
2024-03-06 21:59:28.578482 DEBUG::Function arguments
2024-03-06 21:59:28.578873 DEBUG::Output folder: results/maaslin2/genus_SexOfPartnergrp
2024-03-06 21:59:28.57901 DEBUG::Min Abundance: 5.000000
2024-03-06 21:59:28.579143 DEBUG::Min Prevalence: 0.200000
2024-03-06 21:59:28.579268 DEBUG::Normalization: TSS
2024-03-06 21:59:28.57939 DEBUG::Transform: LOG
2024-03-06 21:59:28.579511 DEBUG::Analysis method: LM
2024-03-06 21:59:28.579636 DEBUG::Max significance: 0.200000
2024-03-06 21:59:28.57976 DEBUG::Random effects:
2024-03-06 21:59:28.579882 DEBUG::Fixed effects: SexOfPartner,grp,SexOfPartner*grp
2024-03-06 21:59:28.580001 DEBUG::Correction method: BH
2024-03-06 21:59:28.58012 DEBUG::Standardize: TRUE
2024-03-06 21:59:28.580235 DEBUG::Cores: 1
2024-03-06 21:59:28.580346 INFO::Verifying options selected are valid
2024-03-06 21:59:28.580592 INFO::Determining format of input files
2024-03-06 21:59:28.580815 INFO::Input format is data samples as rows and metadata samples as rows
2024-03-06 21:59:28.581337 DEBUG::A total of 72 samples were found in both the data and metadata
2024-03-06 21:59:28.581463 DEBUG::Reordering data/metadata to use same sample ordering
2024-03-06 21:59:28.582721 WARNING::Feature name not found in metadata so not applied to formula as fixed effect: SexOfPartner*grp
2024-03-06 21:59:28.583102 INFO::Formula for fixed effects: expr ~  SexOfPartner + grp
2024-03-06 21:59:28.583371 INFO::Factor detected for categorial metadata 'SexOfPartner'. Provide a reference argument or manually set factor ordering to change reference level.
2024-03-06 21:59:28.583591 INFO::Factor detected for categorial metadata 'grp'. Provide a reference argument or manually set factor ordering to change reference level.
2024-03-06 21:59:28.583786 INFO::Filter data based on min abundance and min prevalence
2024-03-06 21:59:28.583988 INFO::Total samples in data: 72
2024-03-06 21:59:28.584188 INFO::Min samples required with min abundance for a feature not to be filtered: 14.400000
2024-03-06 21:59:28.58578 INFO::Total filtered features: 316
2024-03-06 21:59:28.58607 INFO::Filtered feature names from abundance and prevalence filtering: ASV5, ASV11, ASV12, ASV13, ASV17, ASV20, ASV21, ASV22, ASV23, ASV24, ASV30, ASV31, ASV34, ASV35, ASV38, ASV47, ASV48, ASV50, ASV51, ASV53, ASV57, ASV59, ASV63, ASV68, ASV69, ASV71, ASV73, ASV88, ASV95, ASV97, ASV104, ASV115, ASV119, ASV125, ASV128, ASV131, ASV136, ASV140, ASV147, ASV148, ASV151, ASV152, ASV154, ASV155, ASV170, ASV172, ASV174, ASV183, ASV191, ASV196, ASV197, ASV200, ASV201, ASV202, ASV204, ASV207, ASV208, ASV209, ASV218, ASV224, ASV225, ASV228, ASV249, ASV254, ASV255, ASV256, ASV259, ASV264, ASV267, ASV276, ASV277, ASV280, ASV284, ASV289, ASV291, ASV306, ASV307, ASV312, ASV315, ASV319, ASV325, ASV331, ASV347, ASV349, ASV353, ASV356, ASV358, ASV362, ASV363, ASV367, ASV371, ASV375, ASV378, ASV384, ASV390, ASV392, ASV395, ASV398, ASV405, ASV407, ASV410, ASV414, ASV417, ASV421, ASV431, ASV432, ASV440, ASV443, ASV455, ASV459, ASV466, ASV470, ASV473, ASV475, ASV483, ASV494, ASV518, ASV526, ASV532, ASV556, ASV557, ASV558, ASV570, ASV571, ASV573, ASV586, ASV601, ASV605, ASV608, ASV610, ASV612, ASV615, ASV618, ASV628, ASV637, ASV641, ASV650, ASV653, ASV660, ASV671, ASV674, ASV683, ASV685, ASV686, ASV690, ASV693, ASV699, ASV709, ASV711, ASV728, ASV734, ASV740, ASV744, ASV760, ASV764, ASV785, ASV791, ASV793, ASV803, ASV808, ASV821, ASV823, ASV824, ASV829, ASV838, ASV840, ASV849, ASV853, ASV855, ASV860, ASV864, ASV881, ASV891, ASV892, ASV913, ASV918, ASV925, ASV927, ASV936, ASV948, ASV956, ASV967, ASV979, ASV980, ASV984, ASV1000, ASV1004, ASV1009, ASV1011, ASV1038, ASV1039, ASV1040, ASV1044, ASV1050, ASV1055, ASV1068, ASV1069, ASV1070, ASV1083, ASV1087, ASV1088, ASV1089, ASV1103, ASV1109, ASV1111, ASV1115, ASV1117, ASV1121, ASV1123, ASV1132, ASV1134, ASV1136, ASV1145, ASV1172, ASV1176, ASV1194, ASV1196, ASV1197, ASV1200, ASV1201, ASV1203, ASV1221, ASV1222, ASV1235, ASV1236, ASV1238, ASV1242, ASV1249, ASV1251, ASV1253, ASV1255, ASV1260, ASV1275, ASV1282, ASV1284, ASV1285, ASV1286, ASV1291, ASV1304, ASV1312, ASV1316, ASV1317, ASV1321, ASV1322, ASV1331, ASV1344, ASV1361, ASV1382, ASV1383, ASV1412, ASV1414, ASV1426, ASV1428, ASV1438, ASV1439, ASV1440, ASV1483, ASV1489, ASV1499, ASV1501, ASV1503, ASV1517, ASV1520, ASV1534, ASV1535, ASV1536, ASV1537, ASV1539, ASV1550, ASV1565, ASV1601, ASV1602, ASV1615, ASV1617, ASV1624, ASV1627, ASV1647, ASV1669, ASV1672, ASV1724, ASV1732, ASV1734, ASV1767, ASV1769, ASV1774, ASV1778, ASV1783, ASV1812, ASV1857, ASV1859, ASV1862, ASV1869, ASV1887, ASV1926, ASV1935, ASV1980, ASV2008, ASV2029, ASV2033, ASV2047, ASV2071, ASV2087, ASV2119, ASV2159, ASV2214, ASV2267, ASV2269, ASV2301, ASV2322, ASV2328, ASV2329, ASV2331, ASV2387, ASV2395, ASV2396, ASV2480
2024-03-06 21:59:28.586477 INFO::Total filtered features with variance filtering: 0
2024-03-06 21:59:28.586711 INFO::Filtered feature names from variance filtering:
2024-03-06 21:59:28.586921 INFO::Running selected normalization method: TSS
2024-03-06 21:59:28.587307 INFO::Applying z-score to standardize continuous metadata
2024-03-06 21:59:28.58961 INFO::Running selected transform method: LOG
2024-03-06 21:59:28.590031 INFO::Running selected analysis method: LM
2024-03-06 21:59:28.590302 INFO::Fitting model to feature number 1, ASV1
2024-03-06 21:59:28.591541 INFO::Fitting model to feature number 2, ASV3
2024-03-06 21:59:28.59259 INFO::Fitting model to feature number 3, ASV4
2024-03-06 21:59:28.593622 INFO::Fitting model to feature number 4, ASV6
2024-03-06 21:59:28.596537 INFO::Counting total values for each feature
2024-03-06 21:59:28.597343 INFO::Writing filtered data to file results/maaslin2/genus_SexOfPartnergrp/features/filtered_data.tsv
2024-03-06 21:59:28.598179 INFO::Writing filtered, normalized data to file results/maaslin2/genus_SexOfPartnergrp/features/filtered_data_norm.tsv
2024-03-06 21:59:28.598923 INFO::Writing filtered, normalized, transformed data to file results/maaslin2/genus_SexOfPartnergrp/features/filtered_data_norm_transformed.tsv
2024-03-06 21:59:28.599692 WARNING::Deleting existing residuals file: results/maaslin2/genus_SexOfPartnergrp/fits/residuals.rds
2024-03-06 21:59:28.600093 INFO::Writing residuals to file results/maaslin2/genus_SexOfPartnergrp/fits/residuals.rds
2024-03-06 21:59:28.600514 WARNING::Deleting existing fitted file: results/maaslin2/genus_SexOfPartnergrp/fits/fitted.rds
2024-03-06 21:59:28.600832 INFO::Writing fitted values to file results/maaslin2/genus_SexOfPartnergrp/fits/fitted.rds
2024-03-06 21:59:28.601183 INFO::Writing all results to file (ordered by increasing q-values): results/maaslin2/genus_SexOfPartnergrp/all_results.tsv
2024-03-06 21:59:28.601771 INFO::Writing the significant results (those which are less than or equal to the threshold of 0.200000 ) to file (ordered by increasing q-values): results/maaslin2/genus_SexOfPartnergrp/significant_results.tsv
2024-03-06 21:59:28.602153 INFO::Writing heatmap of significant results to file: results/maaslin2/genus_SexOfPartnergrp/heatmap.pdf
2024-03-06 21:59:28.627989 INFO::Writing association plots (one for each significant association) to output folder: results/maaslin2/genus_SexOfPartnergrp
2024-03-06 21:59:28.628815 INFO::Plotting associations from most to least significant, grouped by metadata
2024-03-06 21:59:28.629126 INFO::Plotting data for metadata number 1, grp
2024-03-06 21:59:28.629656 INFO::Creating boxplot for categorical data, grp vs ASV3
2024-03-06 21:59:28.693932 INFO::Creating boxplot for categorical data, grp vs ASV6
2024-03-06 21:59:28.750983 INFO::Creating boxplot for categorical data, grp vs ASV1
2024-03-06 21:59:28.808518 INFO::Creating boxplot for categorical data, grp vs ASV1
2024-03-06 21:59:28.866289 INFO::Creating boxplot for categorical data, grp vs ASV3
2024-03-06 21:59:29.227206 INFO::Plotting data for metadata number 2, SexOfPartner
2024-03-06 21:59:29.228589 INFO::Creating boxplot for categorical data, SexOfPartner vs ASV6
2024-03-06 21:59:29.818752 WARNING::Input is a matrix, passing through as.data.frame() .
