2024-03-06 21:59:04.829481 INFO::Writing function arguments to log file
2024-03-06 21:59:04.82989 DEBUG::Function arguments
2024-03-06 21:59:04.830038 DEBUG::Output folder: results/maaslin2/genus_cycle_premeno
2024-03-06 21:59:04.830171 DEBUG::Min Abundance: 5.000000
2024-03-06 21:59:04.8303 DEBUG::Min Prevalence: 0.300000
2024-03-06 21:59:04.830423 DEBUG::Normalization: TSS
2024-03-06 21:59:04.830542 DEBUG::Transform: LOG
2024-03-06 21:59:04.830661 DEBUG::Analysis method: LM
2024-03-06 21:59:04.830779 DEBUG::Max significance: 0.200000
2024-03-06 21:59:04.830896 DEBUG::Random effects:
2024-03-06 21:59:04.831014 DEBUG::Fixed effects: CycleDaySampling
2024-03-06 21:59:04.831132 DEBUG::Correction method: BH
2024-03-06 21:59:04.831249 DEBUG::Standardize: TRUE
2024-03-06 21:59:04.831362 DEBUG::Cores: 1
2024-03-06 21:59:04.831474 INFO::Verifying options selected are valid
2024-03-06 21:59:04.831714 INFO::Determining format of input files
2024-03-06 21:59:04.831931 INFO::Input format is data samples as rows and metadata samples as rows
2024-03-06 21:59:04.832459 DEBUG::A total of 25 samples were found in both the data and metadata
2024-03-06 21:59:04.832577 DEBUG::Reordering data/metadata to use same sample ordering
2024-03-06 21:59:04.833684 INFO::Formula for fixed effects: expr ~  CycleDaySampling
2024-03-06 21:59:04.83394 INFO::Filter data based on min abundance and min prevalence
2024-03-06 21:59:04.834149 INFO::Total samples in data: 25
2024-03-06 21:59:04.834346 INFO::Min samples required with min abundance for a feature not to be filtered: 7.500000
2024-03-06 21:59:04.835791 INFO::Total filtered features: 318
2024-03-06 21:59:04.836231 INFO::Filtered feature names from abundance and prevalence filtering: ASV3, ASV6, ASV11, ASV12, ASV13, ASV17, ASV21, ASV22, ASV24, ASV30, ASV34, ASV35, ASV38, ASV44, ASV48, ASV53, ASV57, ASV59, ASV63, ASV69, ASV73, ASV75, ASV83, ASV88, ASV95, ASV104, ASV119, ASV125, ASV131, ASV136, ASV148, ASV151, ASV152, ASV154, ASV155, ASV165, ASV170, ASV177, ASV191, ASV196, ASV197, ASV200, ASV201, ASV202, ASV204, ASV207, ASV208, ASV218, ASV224, ASV225, ASV228, ASV249, ASV255, ASV259, ASV264, ASV268, ASV276, ASV277, ASV280, ASV281, ASV284, ASV294, ASV307, ASV312, ASV319, ASV322, ASV331, ASV337, ASV347, ASV349, ASV353, ASV358, ASV362, ASV363, ASV367, ASV371, ASV375, ASV378, ASV384, ASV390, ASV392, ASV395, ASV405, ASV407, ASV410, ASV414, ASV421, ASV431, ASV432, ASV433, ASV440, ASV443, ASV455, ASV459, ASV463, ASV466, ASV470, ASV473, ASV475, ASV482, ASV483, ASV487, ASV494, ASV518, ASV526, ASV532, ASV556, ASV557, ASV558, ASV570, ASV571, ASV573, ASV586, ASV601, ASV605, ASV608, ASV610, ASV612, ASV615, ASV618, ASV622, ASV628, ASV637, ASV641, ASV650, ASV653, ASV671, ASV685, ASV686, ASV690, ASV693, ASV699, ASV709, ASV711, ASV728, ASV734, ASV740, ASV760, ASV764, ASV785, ASV791, ASV793, ASV808, ASV815, ASV821, ASV823, ASV824, ASV829, ASV838, ASV840, ASV849, ASV853, ASV855, ASV860, ASV864, ASV881, ASV892, ASV913, ASV915, ASV918, ASV925, ASV927, ASV936, ASV948, ASV956, ASV967, ASV979, ASV980, ASV984, ASV988, ASV1000, ASV1004, ASV1008, ASV1009, ASV1011, ASV1033, ASV1040, ASV1044, ASV1050, ASV1055, ASV1068, ASV1069, ASV1070, ASV1083, ASV1087, ASV1088, ASV1093, ASV1103, ASV1109, ASV1111, ASV1115, ASV1117, ASV1123, ASV1132, ASV1134, ASV1136, ASV1145, ASV1167, ASV1172, ASV1176, ASV1194, ASV1196, ASV1197, ASV1200, ASV1203, ASV1221, ASV1222, ASV1235, ASV1236, ASV1238, ASV1242, ASV1249, ASV1251, ASV1253, ASV1255, ASV1260, ASV1275, ASV1282, ASV1284, ASV1285, ASV1286, ASV1291, ASV1304, ASV1316, ASV1317, ASV1321, ASV1322, ASV1331, ASV1344, ASV1357, ASV1361, ASV1367, ASV1382, ASV1383, ASV1414, ASV1426, ASV1427, ASV1428, ASV1438, ASV1439, ASV1440, ASV1483, ASV1489, ASV1499, ASV1501, ASV1503, ASV1517, ASV1520, ASV1534, ASV1535, ASV1536, ASV1537, ASV1539, ASV1550, ASV1565, ASV1601, ASV1602, ASV1615, ASV1617, ASV1624, ASV1627, ASV1647, ASV1662, ASV1666, ASV1669, ASV1671, ASV1672, ASV1682, ASV1689, ASV1694, ASV1724, ASV1732, ASV1734, ASV1767, ASV1769, ASV1774, ASV1778, ASV1783, ASV1812, ASV1857, ASV1859, ASV1862, ASV1869, ASV1887, ASV1909, ASV1910, ASV1918, ASV1926, ASV1935, ASV1936, ASV1937, ASV1943, ASV1953, ASV1956, ASV1980, ASV2008, ASV2029, ASV2033, ASV2047, ASV2071, ASV2087, ASV2119, ASV2159, ASV2214, ASV2247, ASV2267, ASV2269, ASV2273, ASV2279, ASV2322, ASV2328, ASV2329, ASV2331, ASV2387, ASV2395, ASV2396, ASV2480, ASV2525
2024-03-06 21:59:04.836714 INFO::Total filtered features with variance filtering: 0
2024-03-06 21:59:04.836972 INFO::Filtered feature names from variance filtering:
2024-03-06 21:59:04.837188 INFO::Running selected normalization method: TSS
2024-03-06 21:59:04.837557 INFO::Applying z-score to standardize continuous metadata
2024-03-06 21:59:04.840303 INFO::Running selected transform method: LOG
2024-03-06 21:59:04.840842 INFO::Running selected analysis method: LM
2024-03-06 21:59:04.841159 INFO::Fitting model to feature number 1, ASV1
2024-03-06 21:59:04.842413 INFO::Fitting model to feature number 2, ASV4
2024-03-06 21:59:04.845422 INFO::Counting total values for each feature
2024-03-06 21:59:04.846165 INFO::Writing filtered data to file results/maaslin2/genus_cycle_premeno/features/filtered_data.tsv
2024-03-06 21:59:04.846824 INFO::Writing filtered, normalized data to file results/maaslin2/genus_cycle_premeno/features/filtered_data_norm.tsv
2024-03-06 21:59:04.847355 INFO::Writing filtered, normalized, transformed data to file results/maaslin2/genus_cycle_premeno/features/filtered_data_norm_transformed.tsv
2024-03-06 21:59:04.847901 WARNING::Deleting existing residuals file: results/maaslin2/genus_cycle_premeno/fits/residuals.rds
2024-03-06 21:59:04.848418 INFO::Writing residuals to file results/maaslin2/genus_cycle_premeno/fits/residuals.rds
2024-03-06 21:59:04.849093 WARNING::Deleting existing fitted file: results/maaslin2/genus_cycle_premeno/fits/fitted.rds
2024-03-06 21:59:04.849524 INFO::Writing fitted values to file results/maaslin2/genus_cycle_premeno/fits/fitted.rds
2024-03-06 21:59:04.8499 INFO::Writing all results to file (ordered by increasing q-values): results/maaslin2/genus_cycle_premeno/all_results.tsv
2024-03-06 21:59:04.850556 INFO::Writing the significant results (those which are less than or equal to the threshold of 0.200000 ) to file (ordered by increasing q-values): results/maaslin2/genus_cycle_premeno/significant_results.tsv
2024-03-06 21:59:04.851071 INFO::Writing heatmap of significant results to file: results/maaslin2/genus_cycle_premeno/heatmap.pdf
2024-03-06 21:59:04.851648 INFO::Writing association plots (one for each significant association) to output folder: results/maaslin2/genus_cycle_premeno
2024-03-06 21:59:04.852249 INFO::Plotting associations from most to least significant, grouped by metadata
2024-03-06 21:59:04.852565 INFO::Plotting data for metadata number 1, CycleDaySampling
2024-03-06 21:59:04.85314 INFO::Creating scatter plot for continuous data, CycleDaySampling vs ASV4
2024-03-06 21:59:04.918942 INFO::Creating scatter plot for continuous data, CycleDaySampling vs ASV1
2024-03-06 21:59:14.319025 WARNING::Input is a matrix, passing through as.data.frame() .
