2024-03-06 21:59:14.49309 INFO::Writing function arguments to log file
2024-03-06 21:59:14.494076 DEBUG::Function arguments
2024-03-06 21:59:14.4943 DEBUG::Output folder: results/maaslin2/genus_SexuallyActive
2024-03-06 21:59:14.494464 DEBUG::Min Abundance: 5.000000
2024-03-06 21:59:14.494605 DEBUG::Min Prevalence: 0.200000
2024-03-06 21:59:14.494735 DEBUG::Normalization: TSS
2024-03-06 21:59:14.494864 DEBUG::Transform: LOG
2024-03-06 21:59:14.494995 DEBUG::Analysis method: LM
2024-03-06 21:59:14.495113 DEBUG::Max significance: 0.200000
2024-03-06 21:59:14.495234 DEBUG::Random effects:
2024-03-06 21:59:14.49536 DEBUG::Fixed effects: SexuallyActive
2024-03-06 21:59:14.495478 DEBUG::Correction method: BH
2024-03-06 21:59:14.495599 DEBUG::Standardize: TRUE
2024-03-06 21:59:14.495715 DEBUG::Cores: 1
2024-03-06 21:59:14.495832 INFO::Verifying options selected are valid
2024-03-06 21:59:14.496133 INFO::Determining format of input files
2024-03-06 21:59:14.49638 INFO::Input format is data samples as rows and metadata samples as rows
2024-03-06 21:59:14.496946 DEBUG::A total of 72 samples were found in both the data and metadata
2024-03-06 21:59:14.497079 DEBUG::Reordering data/metadata to use same sample ordering
2024-03-06 21:59:14.498326 INFO::Formula for fixed effects: expr ~  SexuallyActive
2024-03-06 21:59:14.498623 INFO::Factor detected for categorial metadata 'SexuallyActive'. Provide a reference argument or manually set factor ordering to change reference level.
2024-03-06 21:59:14.498835 INFO::Filter data based on min abundance and min prevalence
2024-03-06 21:59:14.49905 INFO::Total samples in data: 72
2024-03-06 21:59:14.499256 INFO::Min samples required with min abundance for a feature not to be filtered: 14.400000
2024-03-06 21:59:14.500797 INFO::Total filtered features: 316
2024-03-06 21:59:14.501094 INFO::Filtered feature names from abundance and prevalence filtering: ASV5, ASV11, ASV12, ASV13, ASV17, ASV20, ASV21, ASV22, ASV23, ASV24, ASV30, ASV31, ASV34, ASV35, ASV38, ASV47, ASV48, ASV50, ASV51, ASV53, ASV57, ASV59, ASV63, ASV68, ASV69, ASV71, ASV73, ASV88, ASV95, ASV97, ASV104, ASV115, ASV119, ASV125, ASV128, ASV131, ASV136, ASV140, ASV147, ASV148, ASV151, ASV152, ASV154, ASV155, ASV170, ASV172, ASV174, ASV183, ASV191, ASV196, ASV197, ASV200, ASV201, ASV202, ASV204, ASV207, ASV208, ASV209, ASV218, ASV224, ASV225, ASV228, ASV249, ASV254, ASV255, ASV256, ASV259, ASV264, ASV267, ASV276, ASV277, ASV280, ASV284, ASV289, ASV291, ASV306, ASV307, ASV312, ASV315, ASV319, ASV325, ASV331, ASV347, ASV349, ASV353, ASV356, ASV358, ASV362, ASV363, ASV367, ASV371, ASV375, ASV378, ASV384, ASV390, ASV392, ASV395, ASV398, ASV405, ASV407, ASV410, ASV414, ASV417, ASV421, ASV431, ASV432, ASV440, ASV443, ASV455, ASV459, ASV466, ASV470, ASV473, ASV475, ASV483, ASV494, ASV518, ASV526, ASV532, ASV556, ASV557, ASV558, ASV570, ASV571, ASV573, ASV586, ASV601, ASV605, ASV608, ASV610, ASV612, ASV615, ASV618, ASV628, ASV637, ASV641, ASV650, ASV653, ASV660, ASV671, ASV674, ASV683, ASV685, ASV686, ASV690, ASV693, ASV699, ASV709, ASV711, ASV728, ASV734, ASV740, ASV744, ASV760, ASV764, ASV785, ASV791, ASV793, ASV803, ASV808, ASV821, ASV823, ASV824, ASV829, ASV838, ASV840, ASV849, ASV853, ASV855, ASV860, ASV864, ASV881, ASV891, ASV892, ASV913, ASV918, ASV925, ASV927, ASV936, ASV948, ASV956, ASV967, ASV979, ASV980, ASV984, ASV1000, ASV1004, ASV1009, ASV1011, ASV1038, ASV1039, ASV1040, ASV1044, ASV1050, ASV1055, ASV1068, ASV1069, ASV1070, ASV1083, ASV1087, ASV1088, ASV1089, ASV1103, ASV1109, ASV1111, ASV1115, ASV1117, ASV1121, ASV1123, ASV1132, ASV1134, ASV1136, ASV1145, ASV1172, ASV1176, ASV1194, ASV1196, ASV1197, ASV1200, ASV1201, ASV1203, ASV1221, ASV1222, ASV1235, ASV1236, ASV1238, ASV1242, ASV1249, ASV1251, ASV1253, ASV1255, ASV1260, ASV1275, ASV1282, ASV1284, ASV1285, ASV1286, ASV1291, ASV1304, ASV1312, ASV1316, ASV1317, ASV1321, ASV1322, ASV1331, ASV1344, ASV1361, ASV1382, ASV1383, ASV1412, ASV1414, ASV1426, ASV1428, ASV1438, ASV1439, ASV1440, ASV1483, ASV1489, ASV1499, ASV1501, ASV1503, ASV1517, ASV1520, ASV1534, ASV1535, ASV1536, ASV1537, ASV1539, ASV1550, ASV1565, ASV1601, ASV1602, ASV1615, ASV1617, ASV1624, ASV1627, ASV1647, ASV1669, ASV1672, ASV1724, ASV1732, ASV1734, ASV1767, ASV1769, ASV1774, ASV1778, ASV1783, ASV1812, ASV1857, ASV1859, ASV1862, ASV1869, ASV1887, ASV1926, ASV1935, ASV1980, ASV2008, ASV2029, ASV2033, ASV2047, ASV2071, ASV2087, ASV2119, ASV2159, ASV2214, ASV2267, ASV2269, ASV2301, ASV2322, ASV2328, ASV2329, ASV2331, ASV2387, ASV2395, ASV2396, ASV2480
2024-03-06 21:59:14.501549 INFO::Total filtered features with variance filtering: 0
2024-03-06 21:59:14.501786 INFO::Filtered feature names from variance filtering:
2024-03-06 21:59:14.501996 INFO::Running selected normalization method: TSS
2024-03-06 21:59:14.502395 INFO::Applying z-score to standardize continuous metadata
2024-03-06 21:59:14.504611 INFO::Running selected transform method: LOG
2024-03-06 21:59:14.505025 INFO::Running selected analysis method: LM
2024-03-06 21:59:14.505303 INFO::Fitting model to feature number 1, ASV1
2024-03-06 21:59:14.506531 INFO::Fitting model to feature number 2, ASV3
2024-03-06 21:59:14.507575 INFO::Fitting model to feature number 3, ASV4
2024-03-06 21:59:14.508584 INFO::Fitting model to feature number 4, ASV6
2024-03-06 21:59:14.51144 INFO::Counting total values for each feature
2024-03-06 21:59:14.512103 INFO::Writing filtered data to file results/maaslin2/genus_SexuallyActive/features/filtered_data.tsv
2024-03-06 21:59:14.513357 INFO::Writing filtered, normalized data to file results/maaslin2/genus_SexuallyActive/features/filtered_data_norm.tsv
2024-03-06 21:59:14.514147 INFO::Writing filtered, normalized, transformed data to file results/maaslin2/genus_SexuallyActive/features/filtered_data_norm_transformed.tsv
2024-03-06 21:59:14.514957 WARNING::Deleting existing residuals file: results/maaslin2/genus_SexuallyActive/fits/residuals.rds
2024-03-06 21:59:14.515586 INFO::Writing residuals to file results/maaslin2/genus_SexuallyActive/fits/residuals.rds
2024-03-06 21:59:14.516148 WARNING::Deleting existing fitted file: results/maaslin2/genus_SexuallyActive/fits/fitted.rds
2024-03-06 21:59:14.516557 INFO::Writing fitted values to file results/maaslin2/genus_SexuallyActive/fits/fitted.rds
2024-03-06 21:59:14.516933 INFO::Writing all results to file (ordered by increasing q-values): results/maaslin2/genus_SexuallyActive/all_results.tsv
2024-03-06 21:59:14.517547 INFO::Writing the significant results (those which are less than or equal to the threshold of 0.200000 ) to file (ordered by increasing q-values): results/maaslin2/genus_SexuallyActive/significant_results.tsv
2024-03-06 21:59:14.517966 INFO::Writing heatmap of significant results to file: results/maaslin2/genus_SexuallyActive/heatmap.pdf
2024-03-06 21:59:14.518514 INFO::Writing association plots (one for each significant association) to output folder: results/maaslin2/genus_SexuallyActive
2024-03-06 21:59:14.51911 INFO::Plotting associations from most to least significant, grouped by metadata
2024-03-06 21:59:14.519408 INFO::Plotting data for metadata number 1, SexuallyActive
2024-03-06 21:59:14.520303 INFO::Creating boxplot for categorical data, SexuallyActive vs ASV3
2024-03-06 21:59:14.578045 INFO::Creating boxplot for categorical data, SexuallyActive vs ASV6
2024-03-06 21:59:26.123748 WARNING::Input is a matrix, passing through as.data.frame() .
